Build started 29-6-2015 20:18:40.
     1>Project "C:\Users\Jason.JTLIE\Documents\Visual Studio 2013\Projects\OpenCV2.2 tracker\OpenCV2.2 tracker\OpenCV2.2 tracker.vcxproj" on node 2 (Rebuild target(s)).
     1>ClCompile:
         C:\Program Files (x86)\Microsoft Visual Studio 12.0\VC\bin\CL.exe /c /Zi /nologo /W3 /WX- /sdl /O2 /Oi /Oy- /GL /D WIN32 /D NDEBUG /D _CONSOLE /D _LIB /D _UNICODE /D UNICODE /Gm- /EHsc /MD /GS /Gy /fp:precise /Zc:wchar_t /Zc:forScope /Fo"Release\\" /Fd"Release\vc120.pdb" /Gd /TP /analyze- /errorReport:prompt tracker.cpp
         tracker.cpp
     1>tracker.cpp(1): fatal error C1083: Cannot open include file: 'opencv/cvaux.h': No such file or directory
     1>Done Building Project "C:\Users\Jason.JTLIE\Documents\Visual Studio 2013\Projects\OpenCV2.2 tracker\OpenCV2.2 tracker\OpenCV2.2 tracker.vcxproj" (Rebuild target(s)) -- FAILED.

Build FAILED.

Time Elapsed 00:00:00.10
