Build started 7/6/2015 4:43:42 PM.
     1>Project "E:\Workspace\Visual Studio\Projects\OPENCV-test\OPENCV-test\OPENCV-test.vcxproj" on node 2 (Build target(s)).
     1>ClCompile:
         E:\Program Files\Microsoft Visual Studio 12.0\VC\bin\CL.exe /c /IE:\Workspace\opencv\opencv\build\x64\vc12\..\..\include /Zi /nologo /W3 /WX- /sdl /O2 /Oi /Oy- /GL /D WIN32 /D NDEBUG /D _CONSOLE /D _LIB /D _UNICODE /D UNICODE /Gm- /EHsc /MD /GS /Gy /fp:precise /Zc:wchar_t /Zc:forScope /Fo"Release\\" /Fd"Release\vc120.pdb" /Gd /TP /analyze- /errorReport:prompt Source.cpp
         Source.cpp
       Link:
         E:\Program Files\Microsoft Visual Studio 12.0\VC\bin\link.exe /ERRORREPORT:PROMPT /OUT:"E:\Workspace\Visual Studio\Projects\OPENCV-test\Release\OPENCV-test.exe" /INCREMENTAL:NO /NOLOGO /LIBPATH:E:\Workspace\opencv\opencv\build\x64\vc12\lib opencv_ts300.lib opencv_world300.lib kernel32.lib user32.lib gdi32.lib winspool.lib comdlg32.lib advapi32.lib shell32.lib ole32.lib oleaut32.lib uuid.lib odbc32.lib odbccp32.lib /MANIFEST /MANIFESTUAC:"level='asInvoker' uiAccess='false'" /manifest:embed /DEBUG /PDB:"E:\Workspace\Visual Studio\Projects\OPENCV-test\Release\OPENCV-test.pdb" /SUBSYSTEM:CONSOLE /OPT:REF /OPT:ICF /LTCG /TLBID:1 /DYNAMICBASE /NXCOMPAT /IMPLIB:"E:\Workspace\Visual Studio\Projects\OPENCV-test\Release\OPENCV-test.lib" /MACHINE:X86 /SAFESEH Release\Source.obj
     1>LINK : fatal error LNK1104: cannot open file 'E:\Workspace\Visual Studio\Projects\OPENCV-test\Release\OPENCV-test.exe'
     1>Done Building Project "E:\Workspace\Visual Studio\Projects\OPENCV-test\OPENCV-test\OPENCV-test.vcxproj" (Build target(s)) -- FAILED.

Build FAILED.

Time Elapsed 00:00:01.25
